<?xml version="1.0" encoding="UTF-8" standalone="yes"?><!DOCTYPE report PUBLIC "-//JACOCO//DTD Report 1.1//EN" "report.dtd"><report name="Actividad1-Testing"><sessioninfo id="DESKTOP-FA86KVN-ee2fee40" start="1720019357983" dump="1720019367032"/><package name="org/example"><class name="org/example/Alert" sourcefilename="Alert.java"><method name="&lt;init&gt;" desc="()V" line="3"><counter type="INSTRUCTION" missed="0" covered="3"/><counter type="LINE" missed="0" covered="1"/><counter type="COMPLEXITY" missed="0" covered="1"/><counter type="METHOD" missed="0" covered="1"/></method><method name="event" desc="(Ljava/lang/String;)Ljava/lang/String;" line="5"><counter type="INSTRUCTION" missed="0" covered="2"/><counter type="LINE" missed="0" covered="1"/><counter type="COMPLEXITY" missed="0" covered="1"/><counter type="METHOD" missed="0" covered="1"/></method><counter type="INSTRUCTION" missed="0" covered="5"/><counter type="LINE" missed="0" covered="2"/><counter type="COMPLEXITY" missed="0" covered="2"/><counter type="METHOD" missed="0" covered="2"/><counter type="CLASS" missed="0" covered="1"/></class><class name="org/example/Temperature" sourcefilename="Temperature.java"><method name="&lt;init&gt;" desc="(I)V" line="6"><counter type="INSTRUCTION" missed="0" covered="11"/><counter type="LINE" missed="0" covered="4"/><counter type="COMPLEXITY" missed="0" covered="1"/><counter type="METHOD" missed="0" covered="1"/></method><method name="isTooHot" desc="()Z" line="11"><counter type="INSTRUCTION" missed="1" covered="7"/><counter type="BRANCH" missed="1" covered="1"/><counter type="LINE" missed="0" covered="1"/><counter type="COMPLEXITY" missed="1" covered="1"/><counter type="METHOD" missed="0" covered="1"/></method><method name="getAlerts" desc="()[Ljava/lang/String;" line="14"><counter type="INSTRUCTION" missed="7" covered="20"/><counter type="BRANCH" missed="1" covered="1"/><counter type="LINE" missed="1" covered="4"/><counter type="COMPLEXITY" missed="1" covered="1"/><counter type="METHOD" missed="0" covered="1"/></method><counter type="INSTRUCTION" missed="8" covered="38"/><counter type="BRANCH" missed="2" covered="2"/><counter type="LINE" missed="1" covered="9"/><counter type="COMPLEXITY" missed="2" covered="3"/><counter type="METHOD" missed="0" covered="3"/><counter type="CLASS" missed="0" covered="1"/></class><class name="org/example/Air" sourcefilename="Air.java"><method name="&lt;init&gt;" desc="(II)V" line="7"><counter type="INSTRUCTION" missed="0" covered="14"/><counter type="LINE" missed="0" covered="5"/><counter type="COMPLEXITY" missed="0" covered="1"/><counter type="METHOD" missed="0" covered="1"/></method><method name="isAirFast" desc="()Z" line="13"><counter type="INSTRUCTION" missed="1" covered="7"/><counter type="BRANCH" missed="1" covered="1"/><counter type="LINE" missed="0" covered="1"/><counter type="COMPLEXITY" missed="1" covered="1"/><counter type="METHOD" missed="0" covered="1"/></method><method name="isTooMuchPressure" desc="()Z" line="16"><counter type="INSTRUCTION" missed="1" covered="7"/><counter type="BRANCH" missed="1" covered="1"/><counter type="LINE" missed="0" covered="1"/><counter type="COMPLEXITY" missed="1" covered="1"/><counter type="METHOD" missed="0" covered="1"/></method><method name="getAlerts" desc="()[Ljava/lang/String;" line="19"><counter type="INSTRUCTION" missed="47" covered="23"/><counter type="BRANCH" missed="6" covered="2"/><counter type="LINE" missed="9" covered="4"/><counter type="COMPLEXITY" missed="4" covered="1"/><counter type="METHOD" missed="0" covered="1"/></method><counter type="INSTRUCTION" missed="49" covered="51"/><counter type="BRANCH" missed="8" covered="4"/><counter type="LINE" missed="9" covered="11"/><counter type="COMPLEXITY" missed="6" covered="4"/><counter type="METHOD" missed="0" covered="4"/><counter type="CLASS" missed="0" covered="1"/></class><class name="org/example/Weather" sourcefilename="Weather.java"><method name="&lt;init&gt;" desc="()V" line="3"><counter type="INSTRUCTION" missed="3" covered="0"/><counter type="LINE" missed="1" covered="0"/><counter type="COMPLEXITY" missed="1" covered="0"/><counter type="METHOD" missed="1" covered="0"/></method><method name="main" desc="([Ljava/lang/String;)V" line="6"><counter type="INSTRUCTION" missed="1" covered="0"/><counter type="LINE" missed="1" covered="0"/><counter type="COMPLEXITY" missed="1" covered="0"/><counter type="METHOD" missed="1" covered="0"/></method><counter type="INSTRUCTION" missed="4" covered="0"/><counter type="LINE" missed="2" covered="0"/><counter type="COMPLEXITY" missed="2" covered="0"/><counter type="METHOD" missed="2" covered="0"/><counter type="CLASS" missed="1" covered="0"/></class><class name="org/example/Rain" sourcefilename="Rain.java"><method name="&lt;init&gt;" desc="(II)V" line="7"><counter type="INSTRUCTION" missed="0" covered="14"/><counter type="LINE" missed="0" covered="5"/><counter type="COMPLEXITY" missed="0" covered="1"/><counter type="METHOD" missed="0" covered="1"/></method><method name="isTooMuchRain" desc="()Z" line="13"><counter type="INSTRUCTION" missed="1" covered="7"/><counter type="BRANCH" missed="1" covered="1"/><counter type="LINE" missed="0" covered="1"/><counter type="COMPLEXITY" missed="1" covered="1"/><counter type="METHOD" missed="0" covered="1"/></method><method name="isTooMuchHumidity" desc="()Z" line="16"><counter type="INSTRUCTION" missed="1" covered="7"/><counter type="BRANCH" missed="1" covered="1"/><counter type="LINE" missed="0" covered="1"/><counter type="COMPLEXITY" missed="1" covered="1"/><counter type="METHOD" missed="0" covered="1"/></method><method name="getAlerts" desc="()[Ljava/lang/String;" line="19"><counter type="INSTRUCTION" missed="47" covered="23"/><counter type="BRANCH" missed="6" covered="2"/><counter type="LINE" missed="9" covered="4"/><counter type="COMPLEXITY" missed="4" covered="1"/><counter type="METHOD" missed="0" covered="1"/></method><counter type="INSTRUCTION" missed="49" covered="51"/><counter type="BRANCH" missed="8" covered="4"/><counter type="LINE" missed="9" covered="11"/><counter type="COMPLEXITY" missed="6" covered="4"/><counter type="METHOD" missed="0" covered="4"/><counter type="CLASS" missed="0" covered="1"/></class><sourcefile name="Weather.java"><line nr="3" mi="3" ci="0" mb="0" cb="0"/><line nr="6" mi="1" ci="0" mb="0" cb="0"/><counter type="INSTRUCTION" missed="4" covered="0"/><counter type="LINE" missed="2" covered="0"/><counter type="COMPLEXITY" missed="2" covered="0"/><counter type="METHOD" missed="2" covered="0"/><counter type="CLASS" missed="1" covered="0"/></sourcefile><sourcefile name="Air.java"><line nr="7" mi="0" ci="2" mb="0" cb="0"/><line nr="8" mi="0" ci="3" mb="0" cb="0"/><line nr="9" mi="0" ci="3" mb="0" cb="0"/><line nr="10" mi="0" ci="5" mb="0" cb="0"/><line nr="11" mi="0" ci="1" mb="0" cb="0"/><line nr="13" mi="1" ci="7" mb="1" cb="1"/><line nr="16" mi="1" ci="7" mb="1" cb="1"/><line nr="19" mi="0" ci="6" mb="2" cb="2"/><line nr="20" mi="0" ci="8" mb="0" cb="0"/><line nr="21" mi="0" ci="7" mb="0" cb="0"/><line nr="22" mi="0" ci="2" mb="0" cb="0"/><line nr="24" mi="3" ci="0" mb="2" cb="0"/><line nr="25" mi="8" ci="0" mb="0" cb="0"/><line nr="26" mi="7" ci="0" mb="0" cb="0"/><line nr="27" mi="2" ci="0" mb="0" cb="0"/><line nr="29" mi="3" ci="0" mb="2" cb="0"/><line nr="30" mi="8" ci="0" mb="0" cb="0"/><line nr="31" mi="7" ci="0" mb="0" cb="0"/><line nr="32" mi="2" ci="0" mb="0" cb="0"/><line nr="34" mi="7" ci="0" mb="0" cb="0"/><counter type="INSTRUCTION" missed="49" covered="51"/><counter type="BRANCH" missed="8" covered="4"/><counter type="LINE" missed="9" covered="11"/><counter type="COMPLEXITY" missed="6" covered="4"/><counter type="METHOD" missed="0" covered="4"/><counter type="CLASS" missed="0" covered="1"/></sourcefile><sourcefile name="Alert.java"><line nr="3" mi="0" ci="3" mb="0" cb="0"/><line nr="5" mi="0" ci="2" mb="0" cb="0"/><counter type="INSTRUCTION" missed="0" covered="5"/><counter type="LINE" missed="0" covered="2"/><counter type="COMPLEXITY" missed="0" covered="2"/><counter type="METHOD" missed="0" covered="2"/><counter type="CLASS" missed="0" covered="1"/></sourcefile><sourcefile name="Rain.java"><line nr="7" mi="0" ci="2" mb="0" cb="0"/><line nr="8" mi="0" ci="3" mb="0" cb="0"/><line nr="9" mi="0" ci="3" mb="0" cb="0"/><line nr="10" mi="0" ci="5" mb="0" cb="0"/><line nr="11" mi="0" ci="1" mb="0" cb="0"/><line nr="13" mi="1" ci="7" mb="1" cb="1"/><line nr="16" mi="1" ci="7" mb="1" cb="1"/><line nr="19" mi="0" ci="6" mb="2" cb="2"/><line nr="20" mi="0" ci="8" mb="0" cb="0"/><line nr="21" mi="0" ci="7" mb="0" cb="0"/><line nr="22" mi="0" ci="2" mb="0" cb="0"/><line nr="24" mi="3" ci="0" mb="2" cb="0"/><line nr="25" mi="8" ci="0" mb="0" cb="0"/><line nr="26" mi="7" ci="0" mb="0" cb="0"/><line nr="27" mi="2" ci="0" mb="0" cb="0"/><line nr="29" mi="3" ci="0" mb="2" cb="0"/><line nr="30" mi="8" ci="0" mb="0" cb="0"/><line nr="31" mi="7" ci="0" mb="0" cb="0"/><line nr="32" mi="2" ci="0" mb="0" cb="0"/><line nr="34" mi="7" ci="0" mb="0" cb="0"/><counter type="INSTRUCTION" missed="49" covered="51"/><counter type="BRANCH" missed="8" covered="4"/><counter type="LINE" missed="9" covered="11"/><counter type="COMPLEXITY" missed="6" covered="4"/><counter type="METHOD" missed="0" covered="4"/><counter type="CLASS" missed="0" covered="1"/></sourcefile><sourcefile name="Temperature.java"><line nr="6" mi="0" ci="2" mb="0" cb="0"/><line nr="7" mi="0" ci="3" mb="0" cb="0"/><line nr="8" mi="0" ci="5" mb="0" cb="0"/><line nr="9" mi="0" ci="1" mb="0" cb="0"/><line nr="11" mi="1" ci="7" mb="1" cb="1"/><line nr="14" mi="0" ci="3" mb="1" cb="1"/><line nr="15" mi="0" ci="8" mb="0" cb="0"/><line nr="16" mi="0" ci="7" mb="0" cb="0"/><line nr="17" mi="0" ci="2" mb="0" cb="0"/><line nr="19" mi="7" ci="0" mb="0" cb="0"/><counter type="INSTRUCTION" missed="8" covered="38"/><counter type="BRANCH" missed="2" covered="2"/><counter type="LINE" missed="1" covered="9"/><counter type="COMPLEXITY" missed="2" covered="3"/><counter type="METHOD" missed="0" covered="3"/><counter type="CLASS" missed="0" covered="1"/></sourcefile><counter type="INSTRUCTION" missed="110" covered="145"/><counter type="BRANCH" missed="18" covered="10"/><counter type="LINE" missed="21" covered="33"/><counter type="COMPLEXITY" missed="16" covered="13"/><counter type="METHOD" missed="2" covered="13"/><counter type="CLASS" missed="1" covered="4"/></package><counter type="INSTRUCTION" missed="110" covered="145"/><counter type="BRANCH" missed="18" covered="10"/><counter type="LINE" missed="21" covered="33"/><counter type="COMPLEXITY" missed="16" covered="13"/><counter type="METHOD" missed="2" covered="13"/><counter type="CLASS" missed="1" covered="4"/></report>