# JRE version: OpenJDK Runtime Environment JBR-17.0.9+8-1166.2-nomod (17.0.9+8) (build 17.0.9+8-b1166.2)
# Java VM: OpenJDK 64-Bit Server VM JBR-17.0.9+8-1166.2-nomod (17.0.9+8-b1166.2, mixed mode, tiered, compressed oops, compressed class ptrs, g1 gc, windows-amd64)
GC Precious Log:
 CPUs: 4 total, 4 available
 Memory: 16152M
 Large Page Support: Disabled
 NUMA Support: Disabled
 Compressed Oops: Enabled (32-bit)
 Heap Region Size: 1M
 Heap Min Capacity: 256M
 Heap Initial Capacity: 256M
 Heap Max Capacity: 512M
 Pre-touch: Disabled
 Parallel Workers: 4
 Concurrent Workers: 1
 Concurrent Refinement Workers: 4
 Periodic GC: Disabled
Heap:
 garbage-first heap   total 262144K, used 114096K [0x00000000e0000000, 0x0000000100000000)
  region size 1024K, 87 young (89088K), 12 survivors (12288K)
 Metaspace       used 45800K, committed 46144K, reserved 278528K
  class space    used 6074K, committed 6272K, reserved 212992K
GC Heap History (12 events):
Event: 0.658 GC heap before
{Heap before GC invocations=0 (full 0):
 garbage-first heap   total 262144K, used 16384K [0x00000000e0000000, 0x0000000100000000)
  region size 1024K, 13 young (13312K), 0 survivors (0K)
 Metaspace       used 7136K, committed 7296K, reserved 278528K
  class space    used 612K, committed 704K, reserved 212992K
}
Event: 0.668 GC heap after
{Heap after GC invocations=1 (full 0):
 garbage-first heap   total 262144K, used 3720K [0x00000000e0000000, 0x0000000100000000)
  region size 1024K, 2 young (2048K), 2 survivors (2048K)
 Metaspace       used 7136K, committed 7296K, reserved 278528K
  class space    used 612K, committed 704K, reserved 212992K
}
Event: 1.550 GC heap before
{Heap before GC invocations=1 (full 0):
 garbage-first heap   total 262144K, used 22152K [0x00000000e0000000, 0x0000000100000000)
  region size 1024K, 17 young (17408K), 2 survivors (2048K)
 Metaspace       used 11140K, committed 11328K, reserved 278528K
  class space    used 1165K, committed 1280K, reserved 212992K
}
Event: 1.554 GC heap after
{Heap after GC invocations=2 (full 0):
 garbage-first heap   total 262144K, used 9580K [0x00000000e0000000, 0x0000000100000000)
  region size 1024K, 3 young (3072K), 3 survivors (3072K)
 Metaspace       used 11140K, committed 11328K, reserved 278528K
  class space    used 1165K, committed 1280K, reserved 212992K
}
Event: 2.200 GC heap before
{Heap before GC invocations=2 (full 0):
 garbage-first heap   total 262144K, used 32108K [0x00000000e0000000, 0x0000000100000000)
  region size 1024K, 25 young (25600K), 3 survivors (3072K)
 Metaspace       used 11264K, committed 11456K, reserved 278528K
  class space    used 1167K, committed 1280K, reserved 212992K
}
Event: 2.207 GC heap after
{Heap after GC invocations=3 (full 0):
 garbage-first heap   total 262144K, used 13522K [0x00000000e0000000, 0x0000000100000000)
  region size 1024K, 4 young (4096K), 4 survivors (4096K)
 Metaspace       used 11264K, committed 11456K, reserved 278528K
  class space    used 1167K, committed 1280K, reserved 212992K
}
Event: 3.366 GC heap before
{Heap before GC invocations=3 (full 0):
 garbage-first heap   total 262144K, used 49362K [0x00000000e0000000, 0x0000000100000000)
  region size 1024K, 40 young (40960K), 4 survivors (4096K)
 Metaspace       used 21326K, committed 21504K, reserved 278528K
  class space    used 2590K, committed 2688K, reserved 212992K
}
Event: 3.375 GC heap after
{Heap after GC invocations=4 (full 0):
 garbage-first heap   total 262144K, used 17793K [0x00000000e0000000, 0x0000000100000000)
  region size 1024K, 9 young (9216K), 9 survivors (9216K)
 Metaspace       used 21326K, committed 21504K, reserved 278528K
  class space    used 2590K, committed 2688K, reserved 212992K
}
Event: 8.066 GC heap before
{Heap before GC invocations=5 (full 0):
 garbage-first heap   total 262144K, used 97665K [0x00000000e0000000, 0x0000000100000000)
  region size 1024K, 77 young (78848K), 9 survivors (9216K)
 Metaspace       used 32041K, committed 32320K, reserved 278528K
  class space    used 4335K, committed 4480K, reserved 212992K
}
Event: 8.078 GC heap after
{Heap after GC invocations=6 (full 0):
 garbage-first heap   total 262144K, used 34903K [0x00000000e0000000, 0x0000000100000000)
  region size 1024K, 10 young (10240K), 10 survivors (10240K)
 Metaspace       used 32041K, committed 32320K, reserved 278528K
  class space    used 4335K, committed 4480K, reserved 212992K
}
Event: 10.726 GC heap before
{Heap before GC invocations=6 (full 0):
 garbage-first heap   total 262144K, used 59479K [0x00000000e0000000, 0x0000000100000000)
  region size 1024K, 35 young (35840K), 10 survivors (10240K)
 Metaspace       used 35627K, committed 35968K, reserved 278528K
  class space    used 4912K, committed 5120K, reserved 212992K
}
Event: 10.732 GC heap after
{Heap after GC invocations=7 (full 0):
 garbage-first heap   total 262144K, used 36272K [0x00000000e0000000, 0x0000000100000000)
  region size 1024K, 12 young (12288K), 12 survivors (12288K)
 Metaspace       used 35627K, committed 35968K, reserved 278528K
  class space    used 4912K, committed 5120K, reserved 212992K
}

